2023-06-21 19:59:25,745 INFO org.springframework.boot.StartupInfoLogger [main] Starting Application using Java 19.0.2 on DESKTOP-NM4S9PP with PID 3020 (C:\Users\agsvb\Desktop\searchEngine-pc\target\classes started by agsvb in C:\Users\agsvb\Desktop\searchEngine-pc)
2023-06-21 19:59:25,748 INFO org.springframework.boot.SpringApplication [main] No active profile set, falling back to 1 default profile: "default"
2023-06-21 19:59:28,153 INFO org.springframework.boot.StartupInfoLogger [main] Starting Application using Java 19.0.2 on DESKTOP-NM4S9PP with PID 12616 (C:\Users\agsvb\Desktop\searchEngine-pc\target\classes started by agsvb in C:\Users\agsvb\Desktop\searchEngine-pc)
2023-06-21 19:59:28,192 INFO org.springframework.boot.SpringApplication [main] No active profile set, falling back to 1 default profile: "default"
2023-06-21 19:59:28,572 ERROR org.springframework.boot.SpringApplication [main] Application run failed
java.lang.IllegalStateException: Error processing condition on org.springframework.boot.autoconfigure.context.PropertyPlaceholderAutoConfiguration.propertySourcesPlaceholderConfigurer
	at org.springframework.boot.autoconfigure.condition.SpringBootCondition.matches(SpringBootCondition.java:60)
	at org.springframework.context.annotation.ConditionEvaluator.shouldSkip(ConditionEvaluator.java:108)
	at org.springframework.context.annotation.ConfigurationClassBeanDefinitionReader.loadBeanDefinitionsForBeanMethod(ConfigurationClassBeanDefinitionReader.java:193)
	at org.springframework.context.annotation.ConfigurationClassBeanDefinitionReader.loadBeanDefinitionsForConfigurationClass(ConfigurationClassBeanDefinitionReader.java:153)
	at org.springframework.context.annotation.ConfigurationClassBeanDefinitionReader.loadBeanDefinitions(ConfigurationClassBeanDefinitionReader.java:129)
	at org.springframework.context.annotation.ConfigurationClassPostProcessor.processConfigBeanDefinitions(ConfigurationClassPostProcessor.java:343)
	at org.springframework.context.annotation.ConfigurationClassPostProcessor.postProcessBeanDefinitionRegistry(ConfigurationClassPostProcessor.java:247)
	at org.springframework.context.support.PostProcessorRegistrationDelegate.invokeBeanDefinitionRegistryPostProcessors(PostProcessorRegistrationDelegate.java:311)
	at org.springframework.context.support.PostProcessorRegistrationDelegate.invokeBeanFactoryPostProcessors(PostProcessorRegistrationDelegate.java:112)
	at org.springframework.context.support.AbstractApplicationContext.invokeBeanFactoryPostProcessors(AbstractApplicationContext.java:746)
	at org.springframework.context.support.AbstractApplicationContext.refresh(AbstractApplicationContext.java:564)
	at org.springframework.boot.web.servlet.context.ServletWebServerApplicationContext.refresh(ServletWebServerApplicationContext.java:147)
	at org.springframework.boot.SpringApplication.refresh(SpringApplication.java:734)
	at org.springframework.boot.SpringApplication.refreshContext(SpringApplication.java:408)
	at org.springframework.boot.SpringApplication.run(SpringApplication.java:308)
	at org.springframework.boot.SpringApplication.run(SpringApplication.java:1306)
	at org.springframework.boot.SpringApplication.run(SpringApplication.java:1295)
	at searchengine.Application.main(Application.java:10)
Caused by: java.lang.IllegalStateException: Failed to introspect Class [org.springframework.security.config.annotation.web.configuration.WebSecurityConfiguration] from ClassLoader [jdk.internal.loader.ClassLoaders$AppClassLoader@2f0e140b]
	at org.springframework.util.ReflectionUtils.getDeclaredMethods(ReflectionUtils.java:485)
	at org.springframework.util.ReflectionUtils.doWithMethods(ReflectionUtils.java:361)
	at org.springframework.util.ReflectionUtils.getUniqueDeclaredMethods(ReflectionUtils.java:418)
	at org.springframework.beans.factory.support.AbstractAutowireCapableBeanFactory.lambda$getTypeForFactoryMethod$2(AbstractAutowireCapableBeanFactory.java:765)
	at java.base/java.util.concurrent.ConcurrentHashMap.computeIfAbsent(ConcurrentHashMap.java:1708)
	at org.springframework.beans.factory.support.AbstractAutowireCapableBeanFactory.getTypeForFactoryMethod(AbstractAutowireCapableBeanFactory.java:764)
	at org.springframework.beans.factory.support.AbstractAutowireCapableBeanFactory.determineTargetType(AbstractAutowireCapableBeanFactory.java:703)
	at org.springframework.beans.factory.support.AbstractAutowireCapableBeanFactory.predictBeanType(AbstractAutowireCapableBeanFactory.java:674)
	at org.springframework.beans.factory.support.AbstractBeanFactory.isFactoryBean(AbstractBeanFactory.java:1670)
	at org.springframework.beans.factory.support.DefaultListableBeanFactory.doGetBeanNamesForType(DefaultListableBeanFactory.java:570)
	at org.springframework.beans.factory.support.DefaultListableBeanFactory.getBeanNamesForType(DefaultListableBeanFactory.java:542)
	at org.springframework.boot.autoconfigure.condition.OnBeanCondition.collectBeanNamesForType(OnBeanCondition.java:250)
	at org.springframework.boot.autoconfigure.condition.OnBeanCondition.getBeanNamesForType(OnBeanCondition.java:243)
	at org.springframework.boot.autoconfigure.condition.OnBeanCondition.getBeanNamesForType(OnBeanCondition.java:233)
	at org.springframework.boot.autoconfigure.condition.OnBeanCondition.getMatchingBeans(OnBeanCondition.java:181)
	at org.springframework.boot.autoconfigure.condition.OnBeanCondition.getMatchOutcome(OnBeanCondition.java:156)
	at org.springframework.boot.autoconfigure.condition.SpringBootCondition.matches(SpringBootCondition.java:47)
	... 17 common frames omitted
Caused by: java.lang.NoClassDefFoundError: jakarta/servlet/Filter
	at java.base/java.lang.Class.getDeclaredMethods0(Native Method)
	at java.base/java.lang.Class.privateGetDeclaredMethods(Class.java:3458)
	at java.base/java.lang.Class.getDeclaredMethods(Class.java:2557)
	at org.springframework.util.ReflectionUtils.getDeclaredMethods(ReflectionUtils.java:467)
	... 33 common frames omitted
Caused by: java.lang.ClassNotFoundException: jakarta.servlet.Filter
	at java.base/jdk.internal.loader.BuiltinClassLoader.loadClass(BuiltinClassLoader.java:641)
	at java.base/jdk.internal.loader.ClassLoaders$AppClassLoader.loadClass(ClassLoaders.java:188)
	at java.base/java.lang.ClassLoader.loadClass(ClassLoader.java:521)
	... 37 common frames omitted
2023-06-21 19:59:28,575 WARN org.springframework.boot.SpringApplication [main] Unable to close ApplicationContext
java.lang.IllegalStateException: Failed to introspect Class [org.springframework.security.config.annotation.web.configuration.WebSecurityConfiguration] from ClassLoader [jdk.internal.loader.ClassLoaders$AppClassLoader@2f0e140b]
	at org.springframework.util.ReflectionUtils.getDeclaredMethods(ReflectionUtils.java:485)
	at org.springframework.util.ReflectionUtils.doWithMethods(ReflectionUtils.java:361)
	at org.springframework.util.ReflectionUtils.getUniqueDeclaredMethods(ReflectionUtils.java:418)
	at org.springframework.beans.factory.support.AbstractAutowireCapableBeanFactory.lambda$getTypeForFactoryMethod$2(AbstractAutowireCapableBeanFactory.java:765)
	at java.base/java.util.concurrent.ConcurrentHashMap.computeIfAbsent(ConcurrentHashMap.java:1708)
	at org.springframework.beans.factory.support.AbstractAutowireCapableBeanFactory.getTypeForFactoryMethod(AbstractAutowireCapableBeanFactory.java:764)
	at org.springframework.beans.factory.support.AbstractAutowireCapableBeanFactory.determineTargetType(AbstractAutowireCapableBeanFactory.java:703)
	at org.springframework.beans.factory.support.AbstractAutowireCapableBeanFactory.predictBeanType(AbstractAutowireCapableBeanFactory.java:674)
	at org.springframework.beans.factory.support.AbstractBeanFactory.isFactoryBean(AbstractBeanFactory.java:1670)
	at org.springframework.beans.factory.support.DefaultListableBeanFactory.doGetBeanNamesForType(DefaultListableBeanFactory.java:570)
	at org.springframework.beans.factory.support.DefaultListableBeanFactory.getBeanNamesForType(DefaultListableBeanFactory.java:542)
	at org.springframework.beans.factory.support.DefaultListableBeanFactory.getBeansOfType(DefaultListableBeanFactory.java:669)
	at org.springframework.beans.factory.support.DefaultListableBeanFactory.getBeansOfType(DefaultListableBeanFactory.java:661)
	at org.springframework.context.support.AbstractApplicationContext.getBeansOfType(AbstractApplicationContext.java:1300)
	at org.springframework.boot.SpringApplication.getExitCodeFromMappedException(SpringApplication.java:867)
	at org.springframework.boot.SpringApplication.getExitCodeFromException(SpringApplication.java:855)
	at org.springframework.boot.SpringApplication.handleExitCode(SpringApplication.java:842)
	at org.springframework.boot.SpringApplication.handleRunFailure(SpringApplication.java:782)
	at org.springframework.boot.SpringApplication.run(SpringApplication.java:318)
	at org.springframework.boot.SpringApplication.run(SpringApplication.java:1306)
	at org.springframework.boot.SpringApplication.run(SpringApplication.java:1295)
	at searchengine.Application.main(Application.java:10)
Caused by: java.lang.NoClassDefFoundError: jakarta/servlet/Filter
	at java.base/java.lang.Class.getDeclaredMethods0(Native Method)
	at java.base/java.lang.Class.privateGetDeclaredMethods(Class.java:3458)
	at java.base/java.lang.Class.getDeclaredMethods(Class.java:2557)
	at org.springframework.util.ReflectionUtils.getDeclaredMethods(ReflectionUtils.java:467)
	... 21 common frames omitted
Caused by: java.lang.ClassNotFoundException: jakarta.servlet.Filter
	at java.base/jdk.internal.loader.BuiltinClassLoader.loadClass(BuiltinClassLoader.java:641)
	at java.base/jdk.internal.loader.ClassLoaders$AppClassLoader.loadClass(ClassLoaders.java:188)
	at java.base/java.lang.ClassLoader.loadClass(ClassLoader.java:521)
	... 25 common frames omitted
2023-06-21 20:00:56,673 INFO org.springframework.boot.StartupInfoLogger [main] Starting Application using Java 19.0.2 on DESKTOP-NM4S9PP with PID 8588 (C:\Users\agsvb\Desktop\searchEngine-pc\target\classes started by agsvb in C:\Users\agsvb\Desktop\searchEngine-pc)
2023-06-21 20:00:56,675 INFO org.springframework.boot.SpringApplication [main] No active profile set, falling back to 1 default profile: "default"
2023-06-21 20:00:57,450 INFO org.springframework.data.repository.config.RepositoryConfigurationDelegate [main] Bootstrapping Spring Data JPA repositories in DEFAULT mode.
2023-06-21 20:00:57,506 INFO org.springframework.data.repository.config.RepositoryConfigurationDelegate [main] Finished Spring Data repository scanning in 46 ms. Found 4 JPA repository interfaces.
2023-06-21 20:00:58,162 INFO org.springframework.boot.web.embedded.tomcat.TomcatWebServer [main] Tomcat initialized with port(s): 8080 (http)
2023-06-21 20:00:58,172 INFO org.apache.juli.logging.DirectJDKLog [main] Initializing ProtocolHandler ["http-nio-8080"]
2023-06-21 20:00:58,173 INFO org.apache.juli.logging.DirectJDKLog [main] Starting service [Tomcat]
2023-06-21 20:00:58,173 INFO org.apache.juli.logging.DirectJDKLog [main] Starting Servlet engine: [Apache Tomcat/9.0.65]
2023-06-21 20:00:58,270 INFO org.apache.juli.logging.DirectJDKLog [main] Initializing Spring embedded WebApplicationContext
2023-06-21 20:00:58,270 INFO org.springframework.boot.web.servlet.context.ServletWebServerApplicationContext [main] Root WebApplicationContext: initialization completed in 1553 ms
2023-06-21 20:00:58,432 INFO org.hibernate.jpa.internal.util.LogHelper [main] HHH000204: Processing PersistenceUnitInfo [name: default]
2023-06-21 20:00:58,477 INFO org.hibernate.Version [main] HHH000412: Hibernate ORM core version 5.6.11.Final
2023-06-21 20:00:58,622 INFO org.hibernate.annotations.common.reflection.java.JavaReflectionManager [main] HCANN000001: Hibernate Commons Annotations {5.1.2.Final}
2023-06-21 20:00:58,713 INFO com.zaxxer.hikari.HikariDataSource [main] HikariPool-1 - Starting...
2023-06-21 20:00:58,813 INFO com.zaxxer.hikari.HikariDataSource [main] HikariPool-1 - Start completed.
2023-06-21 20:00:58,826 INFO org.hibernate.dialect.Dialect [main] HHH000400: Using dialect: org.hibernate.dialect.MySQL8Dialect
2023-06-21 20:00:59,491 INFO org.hibernate.engine.transaction.jta.platform.internal.JtaPlatformInitiator [main] HHH000490: Using JtaPlatform implementation: [org.hibernate.engine.transaction.jta.platform.internal.NoJtaPlatform]
2023-06-21 20:00:59,497 INFO org.springframework.orm.jpa.AbstractEntityManagerFactoryBean [main] Initialized JPA EntityManagerFactory for persistence unit 'default'
2023-06-21 20:00:59,508 WARN org.springframework.context.support.AbstractApplicationContext [main] Exception encountered during context initialization - cancelling refresh attempt: org.springframework.beans.factory.UnsatisfiedDependencyException: Error creating bean with name 'apiController' defined in file [C:\Users\agsvb\Desktop\searchEngine-pc\target\classes\searchengine\controllers\ApiController.class]: Unsatisfied dependency expressed through constructor parameter 0; nested exception is org.springframework.beans.factory.NoSuchBeanDefinitionException: No qualifying bean of type 'searchengine.services.StatisticsService' available: expected at least 1 bean which qualifies as autowire candidate. Dependency annotations: {}
2023-06-21 20:00:59,508 INFO org.springframework.orm.jpa.AbstractEntityManagerFactoryBean [main] Closing JPA EntityManagerFactory for persistence unit 'default'
2023-06-21 20:00:59,509 INFO com.zaxxer.hikari.HikariDataSource [main] HikariPool-1 - Shutdown initiated...
2023-06-21 20:00:59,515 INFO com.zaxxer.hikari.HikariDataSource [main] HikariPool-1 - Shutdown completed.
2023-06-21 20:00:59,516 INFO org.apache.juli.logging.DirectJDKLog [main] Stopping service [Tomcat]
2023-06-21 20:00:59,524 INFO org.springframework.boot.autoconfigure.logging.ConditionEvaluationReportLoggingListener [main] 

Error starting ApplicationContext. To display the conditions report re-run your application with 'debug' enabled.
2023-06-21 20:00:59,537 ERROR org.springframework.boot.diagnostics.LoggingFailureAnalysisReporter [main] 

***************************
APPLICATION FAILED TO START
***************************

Description:

Parameter 0 of constructor in searchengine.controllers.ApiController required a bean of type 'searchengine.services.StatisticsService' that could not be found.


Action:

Consider defining a bean of type 'searchengine.services.StatisticsService' in your configuration.

2023-06-21 20:03:22,715 INFO org.springframework.boot.StartupInfoLogger [main] Starting Application using Java 19.0.2 on DESKTOP-NM4S9PP with PID 16144 (C:\Users\agsvb\Desktop\searchEngine-pc\target\classes started by agsvb in C:\Users\agsvb\Desktop\searchEngine-pc)
2023-06-21 20:03:22,718 INFO org.springframework.boot.SpringApplication [main] No active profile set, falling back to 1 default profile: "default"
2023-06-21 20:03:23,289 INFO org.springframework.data.repository.config.RepositoryConfigurationDelegate [main] Bootstrapping Spring Data JPA repositories in DEFAULT mode.
2023-06-21 20:03:23,342 INFO org.springframework.data.repository.config.RepositoryConfigurationDelegate [main] Finished Spring Data repository scanning in 45 ms. Found 4 JPA repository interfaces.
2023-06-21 20:03:23,799 INFO org.springframework.boot.web.embedded.tomcat.TomcatWebServer [main] Tomcat initialized with port(s): 8080 (http)
2023-06-21 20:03:23,807 INFO org.apache.juli.logging.DirectJDKLog [main] Initializing ProtocolHandler ["http-nio-8080"]
2023-06-21 20:03:23,808 INFO org.apache.juli.logging.DirectJDKLog [main] Starting service [Tomcat]
2023-06-21 20:03:23,808 INFO org.apache.juli.logging.DirectJDKLog [main] Starting Servlet engine: [Apache Tomcat/9.0.65]
2023-06-21 20:03:23,894 INFO org.apache.juli.logging.DirectJDKLog [main] Initializing Spring embedded WebApplicationContext
2023-06-21 20:03:23,895 INFO org.springframework.boot.web.servlet.context.ServletWebServerApplicationContext [main] Root WebApplicationContext: initialization completed in 1137 ms
2023-06-21 20:03:24,062 INFO org.hibernate.jpa.internal.util.LogHelper [main] HHH000204: Processing PersistenceUnitInfo [name: default]
2023-06-21 20:03:24,103 INFO org.hibernate.Version [main] HHH000412: Hibernate ORM core version 5.6.11.Final
2023-06-21 20:03:24,253 INFO org.hibernate.annotations.common.reflection.java.JavaReflectionManager [main] HCANN000001: Hibernate Commons Annotations {5.1.2.Final}
2023-06-21 20:03:24,331 INFO com.zaxxer.hikari.HikariDataSource [main] HikariPool-1 - Starting...
2023-06-21 20:03:24,422 INFO com.zaxxer.hikari.HikariDataSource [main] HikariPool-1 - Start completed.
2023-06-21 20:03:24,432 INFO org.hibernate.dialect.Dialect [main] HHH000400: Using dialect: org.hibernate.dialect.MySQL8Dialect
2023-06-21 20:03:24,957 INFO org.hibernate.engine.transaction.jta.platform.internal.JtaPlatformInitiator [main] HHH000490: Using JtaPlatform implementation: [org.hibernate.engine.transaction.jta.platform.internal.NoJtaPlatform]
2023-06-21 20:03:24,963 INFO org.springframework.orm.jpa.AbstractEntityManagerFactoryBean [main] Initialized JPA EntityManagerFactory for persistence unit 'default'
2023-06-21 20:03:24,974 WARN org.springframework.context.support.AbstractApplicationContext [main] Exception encountered during context initialization - cancelling refresh attempt: org.springframework.beans.factory.UnsatisfiedDependencyException: Error creating bean with name 'apiController' defined in file [C:\Users\agsvb\Desktop\searchEngine-pc\target\classes\searchengine\controllers\ApiController.class]: Unsatisfied dependency expressed through constructor parameter 0; nested exception is org.springframework.beans.factory.NoSuchBeanDefinitionException: No qualifying bean of type 'searchengine.services.StatisticsService' available: expected at least 1 bean which qualifies as autowire candidate. Dependency annotations: {}
2023-06-21 20:03:24,975 INFO org.springframework.orm.jpa.AbstractEntityManagerFactoryBean [main] Closing JPA EntityManagerFactory for persistence unit 'default'
2023-06-21 20:03:24,976 INFO com.zaxxer.hikari.HikariDataSource [main] HikariPool-1 - Shutdown initiated...
2023-06-21 20:03:24,980 INFO com.zaxxer.hikari.HikariDataSource [main] HikariPool-1 - Shutdown completed.
2023-06-21 20:03:24,982 INFO org.apache.juli.logging.DirectJDKLog [main] Stopping service [Tomcat]
2023-06-21 20:03:24,990 INFO org.springframework.boot.autoconfigure.logging.ConditionEvaluationReportLoggingListener [main] 

Error starting ApplicationContext. To display the conditions report re-run your application with 'debug' enabled.
2023-06-21 20:03:25,003 ERROR org.springframework.boot.diagnostics.LoggingFailureAnalysisReporter [main] 

***************************
APPLICATION FAILED TO START
***************************

Description:

Parameter 0 of constructor in searchengine.controllers.ApiController required a bean of type 'searchengine.services.StatisticsService' that could not be found.


Action:

Consider defining a bean of type 'searchengine.services.StatisticsService' in your configuration.

2023-06-21 20:06:27,061 INFO org.springframework.boot.StartupInfoLogger [main] Starting Application using Java 19.0.2 on DESKTOP-NM4S9PP with PID 17204 (C:\Users\agsvb\Desktop\searchEngine-pc\target\classes started by agsvb in C:\Users\agsvb\Desktop\searchEngine-pc)
2023-06-21 20:06:27,063 INFO org.springframework.boot.SpringApplication [main] No active profile set, falling back to 1 default profile: "default"
2023-06-21 20:06:27,637 INFO org.springframework.data.repository.config.RepositoryConfigurationDelegate [main] Bootstrapping Spring Data JPA repositories in DEFAULT mode.
2023-06-21 20:06:27,682 INFO org.springframework.data.repository.config.RepositoryConfigurationDelegate [main] Finished Spring Data repository scanning in 39 ms. Found 4 JPA repository interfaces.
2023-06-21 20:06:28,138 INFO org.springframework.boot.web.embedded.tomcat.TomcatWebServer [main] Tomcat initialized with port(s): 8080 (http)
2023-06-21 20:06:28,147 INFO org.apache.juli.logging.DirectJDKLog [main] Initializing ProtocolHandler ["http-nio-8080"]
2023-06-21 20:06:28,147 INFO org.apache.juli.logging.DirectJDKLog [main] Starting service [Tomcat]
2023-06-21 20:06:28,147 INFO org.apache.juli.logging.DirectJDKLog [main] Starting Servlet engine: [Apache Tomcat/9.0.65]
2023-06-21 20:06:28,243 INFO org.apache.juli.logging.DirectJDKLog [main] Initializing Spring embedded WebApplicationContext
2023-06-21 20:06:28,244 INFO org.springframework.boot.web.servlet.context.ServletWebServerApplicationContext [main] Root WebApplicationContext: initialization completed in 1136 ms
2023-06-21 20:06:28,384 INFO org.hibernate.jpa.internal.util.LogHelper [main] HHH000204: Processing PersistenceUnitInfo [name: default]
2023-06-21 20:06:28,416 INFO org.hibernate.Version [main] HHH000412: Hibernate ORM core version 5.6.11.Final
2023-06-21 20:06:28,532 INFO org.hibernate.annotations.common.reflection.java.JavaReflectionManager [main] HCANN000001: Hibernate Commons Annotations {5.1.2.Final}
2023-06-21 20:06:28,615 INFO com.zaxxer.hikari.HikariDataSource [main] HikariPool-1 - Starting...
2023-06-21 20:06:28,710 INFO com.zaxxer.hikari.HikariDataSource [main] HikariPool-1 - Start completed.
2023-06-21 20:06:28,721 INFO org.hibernate.dialect.Dialect [main] HHH000400: Using dialect: org.hibernate.dialect.MySQL8Dialect
2023-06-21 20:06:29,187 INFO org.hibernate.engine.transaction.jta.platform.internal.JtaPlatformInitiator [main] HHH000490: Using JtaPlatform implementation: [org.hibernate.engine.transaction.jta.platform.internal.NoJtaPlatform]
2023-06-21 20:06:29,193 INFO org.springframework.orm.jpa.AbstractEntityManagerFactoryBean [main] Initialized JPA EntityManagerFactory for persistence unit 'default'
2023-06-21 20:06:29,206 WARN org.springframework.context.support.AbstractApplicationContext [main] Exception encountered during context initialization - cancelling refresh attempt: org.springframework.beans.factory.UnsatisfiedDependencyException: Error creating bean with name 'apiController' defined in file [C:\Users\agsvb\Desktop\searchEngine-pc\target\classes\searchengine\controllers\ApiController.class]: Unsatisfied dependency expressed through constructor parameter 0; nested exception is org.springframework.beans.factory.NoSuchBeanDefinitionException: No qualifying bean of type 'searchengine.services.StatisticsService' available: expected at least 1 bean which qualifies as autowire candidate. Dependency annotations: {}
2023-06-21 20:06:29,207 INFO org.springframework.orm.jpa.AbstractEntityManagerFactoryBean [main] Closing JPA EntityManagerFactory for persistence unit 'default'
2023-06-21 20:06:29,208 INFO com.zaxxer.hikari.HikariDataSource [main] HikariPool-1 - Shutdown initiated...
2023-06-21 20:06:29,214 INFO com.zaxxer.hikari.HikariDataSource [main] HikariPool-1 - Shutdown completed.
2023-06-21 20:06:29,215 INFO org.apache.juli.logging.DirectJDKLog [main] Stopping service [Tomcat]
2023-06-21 20:06:29,225 INFO org.springframework.boot.autoconfigure.logging.ConditionEvaluationReportLoggingListener [main] 

Error starting ApplicationContext. To display the conditions report re-run your application with 'debug' enabled.
2023-06-21 20:06:29,241 ERROR org.springframework.boot.diagnostics.LoggingFailureAnalysisReporter [main] 

***************************
APPLICATION FAILED TO START
***************************

Description:

Parameter 0 of constructor in searchengine.controllers.ApiController required a bean of type 'searchengine.services.StatisticsService' that could not be found.


Action:

Consider defining a bean of type 'searchengine.services.StatisticsService' in your configuration.

2023-06-21 20:06:43,459 INFO org.springframework.boot.StartupInfoLogger [main] Starting Application using Java 19.0.2 on DESKTOP-NM4S9PP with PID 3160 (C:\Users\agsvb\Desktop\searchEngine-pc\target\classes started by agsvb in C:\Users\agsvb\Desktop\searchEngine-pc)
2023-06-21 20:06:43,461 INFO org.springframework.boot.SpringApplication [main] No active profile set, falling back to 1 default profile: "default"
2023-06-21 20:06:44,138 INFO org.springframework.data.repository.config.RepositoryConfigurationDelegate [main] Bootstrapping Spring Data JPA repositories in DEFAULT mode.
2023-06-21 20:06:44,200 INFO org.springframework.data.repository.config.RepositoryConfigurationDelegate [main] Finished Spring Data repository scanning in 53 ms. Found 4 JPA repository interfaces.
2023-06-21 20:06:44,775 INFO org.springframework.boot.web.embedded.tomcat.TomcatWebServer [main] Tomcat initialized with port(s): 8080 (http)
2023-06-21 20:06:44,785 INFO org.apache.juli.logging.DirectJDKLog [main] Initializing ProtocolHandler ["http-nio-8080"]
2023-06-21 20:06:44,785 INFO org.apache.juli.logging.DirectJDKLog [main] Starting service [Tomcat]
2023-06-21 20:06:44,785 INFO org.apache.juli.logging.DirectJDKLog [main] Starting Servlet engine: [Apache Tomcat/9.0.65]
2023-06-21 20:06:44,882 INFO org.apache.juli.logging.DirectJDKLog [main] Initializing Spring embedded WebApplicationContext
2023-06-21 20:06:44,882 INFO org.springframework.boot.web.servlet.context.ServletWebServerApplicationContext [main] Root WebApplicationContext: initialization completed in 1384 ms
2023-06-21 20:06:45,082 INFO org.hibernate.jpa.internal.util.LogHelper [main] HHH000204: Processing PersistenceUnitInfo [name: default]
2023-06-21 20:06:45,129 INFO org.hibernate.Version [main] HHH000412: Hibernate ORM core version 5.6.11.Final
2023-06-21 20:06:45,311 INFO org.hibernate.annotations.common.reflection.java.JavaReflectionManager [main] HCANN000001: Hibernate Commons Annotations {5.1.2.Final}
2023-06-21 20:06:45,402 INFO com.zaxxer.hikari.HikariDataSource [main] HikariPool-1 - Starting...
2023-06-21 20:06:45,517 INFO com.zaxxer.hikari.HikariDataSource [main] HikariPool-1 - Start completed.
2023-06-21 20:06:45,534 INFO org.hibernate.dialect.Dialect [main] HHH000400: Using dialect: org.hibernate.dialect.MySQL8Dialect
2023-06-21 20:06:46,079 INFO org.hibernate.engine.transaction.jta.platform.internal.JtaPlatformInitiator [main] HHH000490: Using JtaPlatform implementation: [org.hibernate.engine.transaction.jta.platform.internal.NoJtaPlatform]
2023-06-21 20:06:46,085 INFO org.springframework.orm.jpa.AbstractEntityManagerFactoryBean [main] Initialized JPA EntityManagerFactory for persistence unit 'default'
2023-06-21 20:06:46,100 WARN org.springframework.context.support.AbstractApplicationContext [main] Exception encountered during context initialization - cancelling refresh attempt: org.springframework.beans.factory.UnsatisfiedDependencyException: Error creating bean with name 'apiController' defined in file [C:\Users\agsvb\Desktop\searchEngine-pc\target\classes\searchengine\controllers\ApiController.class]: Unsatisfied dependency expressed through constructor parameter 0; nested exception is org.springframework.beans.factory.NoSuchBeanDefinitionException: No qualifying bean of type 'searchengine.services.StatisticsService' available: expected at least 1 bean which qualifies as autowire candidate. Dependency annotations: {}
2023-06-21 20:06:46,100 INFO org.springframework.orm.jpa.AbstractEntityManagerFactoryBean [main] Closing JPA EntityManagerFactory for persistence unit 'default'
2023-06-21 20:06:46,102 INFO com.zaxxer.hikari.HikariDataSource [main] HikariPool-1 - Shutdown initiated...
2023-06-21 20:06:46,109 INFO com.zaxxer.hikari.HikariDataSource [main] HikariPool-1 - Shutdown completed.
2023-06-21 20:06:46,110 INFO org.apache.juli.logging.DirectJDKLog [main] Stopping service [Tomcat]
2023-06-21 20:06:46,121 INFO org.springframework.boot.autoconfigure.logging.ConditionEvaluationReportLoggingListener [main] 

Error starting ApplicationContext. To display the conditions report re-run your application with 'debug' enabled.
2023-06-21 20:06:46,141 ERROR org.springframework.boot.diagnostics.LoggingFailureAnalysisReporter [main] 

***************************
APPLICATION FAILED TO START
***************************

Description:

Parameter 0 of constructor in searchengine.controllers.ApiController required a bean of type 'searchengine.services.StatisticsService' that could not be found.


Action:

Consider defining a bean of type 'searchengine.services.StatisticsService' in your configuration.

2023-06-21 20:06:50,099 INFO org.springframework.boot.StartupInfoLogger [main] Starting Application using Java 19.0.2 on DESKTOP-NM4S9PP with PID 15992 (C:\Users\agsvb\Desktop\searchEngine-pc\target\classes started by agsvb in C:\Users\agsvb\Desktop\searchEngine-pc)
2023-06-21 20:06:50,102 INFO org.springframework.boot.SpringApplication [main] No active profile set, falling back to 1 default profile: "default"
2023-06-21 20:06:50,682 INFO org.springframework.data.repository.config.RepositoryConfigurationDelegate [main] Bootstrapping Spring Data JPA repositories in DEFAULT mode.
2023-06-21 20:06:50,733 INFO org.springframework.data.repository.config.RepositoryConfigurationDelegate [main] Finished Spring Data repository scanning in 45 ms. Found 4 JPA repository interfaces.
2023-06-21 20:06:51,236 INFO org.springframework.boot.web.embedded.tomcat.TomcatWebServer [main] Tomcat initialized with port(s): 8080 (http)
2023-06-21 20:06:51,246 INFO org.apache.juli.logging.DirectJDKLog [main] Initializing ProtocolHandler ["http-nio-8080"]
2023-06-21 20:06:51,246 INFO org.apache.juli.logging.DirectJDKLog [main] Starting service [Tomcat]
2023-06-21 20:06:51,246 INFO org.apache.juli.logging.DirectJDKLog [main] Starting Servlet engine: [Apache Tomcat/9.0.65]
2023-06-21 20:06:51,340 INFO org.apache.juli.logging.DirectJDKLog [main] Initializing Spring embedded WebApplicationContext
2023-06-21 20:06:51,340 INFO org.springframework.boot.web.servlet.context.ServletWebServerApplicationContext [main] Root WebApplicationContext: initialization completed in 1203 ms
2023-06-21 20:06:51,511 INFO org.hibernate.jpa.internal.util.LogHelper [main] HHH000204: Processing PersistenceUnitInfo [name: default]
2023-06-21 20:06:51,552 INFO org.hibernate.Version [main] HHH000412: Hibernate ORM core version 5.6.11.Final
2023-06-21 20:06:51,690 INFO org.hibernate.annotations.common.reflection.java.JavaReflectionManager [main] HCANN000001: Hibernate Commons Annotations {5.1.2.Final}
2023-06-21 20:06:51,769 INFO com.zaxxer.hikari.HikariDataSource [main] HikariPool-1 - Starting...
2023-06-21 20:06:51,883 INFO com.zaxxer.hikari.HikariDataSource [main] HikariPool-1 - Start completed.
2023-06-21 20:06:51,894 INFO org.hibernate.dialect.Dialect [main] HHH000400: Using dialect: org.hibernate.dialect.MySQL8Dialect
2023-06-21 20:06:52,420 INFO org.hibernate.engine.transaction.jta.platform.internal.JtaPlatformInitiator [main] HHH000490: Using JtaPlatform implementation: [org.hibernate.engine.transaction.jta.platform.internal.NoJtaPlatform]
2023-06-21 20:06:52,427 INFO org.springframework.orm.jpa.AbstractEntityManagerFactoryBean [main] Initialized JPA EntityManagerFactory for persistence unit 'default'
2023-06-21 20:06:52,440 WARN org.springframework.context.support.AbstractApplicationContext [main] Exception encountered during context initialization - cancelling refresh attempt: org.springframework.beans.factory.UnsatisfiedDependencyException: Error creating bean with name 'apiController' defined in file [C:\Users\agsvb\Desktop\searchEngine-pc\target\classes\searchengine\controllers\ApiController.class]: Unsatisfied dependency expressed through constructor parameter 0; nested exception is org.springframework.beans.factory.NoSuchBeanDefinitionException: No qualifying bean of type 'searchengine.services.StatisticsService' available: expected at least 1 bean which qualifies as autowire candidate. Dependency annotations: {}
2023-06-21 20:06:52,440 INFO org.springframework.orm.jpa.AbstractEntityManagerFactoryBean [main] Closing JPA EntityManagerFactory for persistence unit 'default'
2023-06-21 20:06:52,442 INFO com.zaxxer.hikari.HikariDataSource [main] HikariPool-1 - Shutdown initiated...
2023-06-21 20:06:52,447 INFO com.zaxxer.hikari.HikariDataSource [main] HikariPool-1 - Shutdown completed.
2023-06-21 20:06:52,449 INFO org.apache.juli.logging.DirectJDKLog [main] Stopping service [Tomcat]
2023-06-21 20:06:52,459 INFO org.springframework.boot.autoconfigure.logging.ConditionEvaluationReportLoggingListener [main] 

Error starting ApplicationContext. To display the conditions report re-run your application with 'debug' enabled.
2023-06-21 20:06:52,475 ERROR org.springframework.boot.diagnostics.LoggingFailureAnalysisReporter [main] 

***************************
APPLICATION FAILED TO START
***************************

Description:

Parameter 0 of constructor in searchengine.controllers.ApiController required a bean of type 'searchengine.services.StatisticsService' that could not be found.


Action:

Consider defining a bean of type 'searchengine.services.StatisticsService' in your configuration.

2023-06-21 20:09:42,275 INFO org.springframework.boot.StartupInfoLogger [main] Starting Application using Java 19.0.2 on DESKTOP-NM4S9PP with PID 17128 (C:\Users\agsvb\Desktop\searchEngine-pc\target\classes started by agsvb in C:\Users\agsvb\Desktop\searchEngine-pc)
2023-06-21 20:09:42,277 INFO org.springframework.boot.SpringApplication [main] No active profile set, falling back to 1 default profile: "default"
2023-06-21 20:09:42,839 INFO org.springframework.data.repository.config.RepositoryConfigurationDelegate [main] Bootstrapping Spring Data JPA repositories in DEFAULT mode.
2023-06-21 20:09:42,889 INFO org.springframework.data.repository.config.RepositoryConfigurationDelegate [main] Finished Spring Data repository scanning in 44 ms. Found 4 JPA repository interfaces.
2023-06-21 20:09:43,345 INFO org.springframework.boot.web.embedded.tomcat.TomcatWebServer [main] Tomcat initialized with port(s): 8080 (http)
2023-06-21 20:09:43,353 INFO org.apache.juli.logging.DirectJDKLog [main] Initializing ProtocolHandler ["http-nio-8080"]
2023-06-21 20:09:43,354 INFO org.apache.juli.logging.DirectJDKLog [main] Starting service [Tomcat]
2023-06-21 20:09:43,354 INFO org.apache.juli.logging.DirectJDKLog [main] Starting Servlet engine: [Apache Tomcat/9.0.65]
2023-06-21 20:09:43,453 INFO org.apache.juli.logging.DirectJDKLog [main] Initializing Spring embedded WebApplicationContext
2023-06-21 20:09:43,454 INFO org.springframework.boot.web.servlet.context.ServletWebServerApplicationContext [main] Root WebApplicationContext: initialization completed in 1137 ms
2023-06-21 20:09:43,596 INFO org.hibernate.jpa.internal.util.LogHelper [main] HHH000204: Processing PersistenceUnitInfo [name: default]
2023-06-21 20:09:43,627 INFO org.hibernate.Version [main] HHH000412: Hibernate ORM core version 5.6.11.Final
2023-06-21 20:09:43,741 INFO org.hibernate.annotations.common.reflection.java.JavaReflectionManager [main] HCANN000001: Hibernate Commons Annotations {5.1.2.Final}
2023-06-21 20:09:43,815 INFO com.zaxxer.hikari.HikariDataSource [main] HikariPool-1 - Starting...
2023-06-21 20:09:43,907 INFO com.zaxxer.hikari.HikariDataSource [main] HikariPool-1 - Start completed.
2023-06-21 20:09:43,918 INFO org.hibernate.dialect.Dialect [main] HHH000400: Using dialect: org.hibernate.dialect.MySQL8Dialect
2023-06-21 20:09:44,395 INFO org.hibernate.engine.transaction.jta.platform.internal.JtaPlatformInitiator [main] HHH000490: Using JtaPlatform implementation: [org.hibernate.engine.transaction.jta.platform.internal.NoJtaPlatform]
2023-06-21 20:09:44,400 INFO org.springframework.orm.jpa.AbstractEntityManagerFactoryBean [main] Initialized JPA EntityManagerFactory for persistence unit 'default'
2023-06-21 20:09:45,187 INFO org.springframework.security.web.DefaultSecurityFilterChain [main] Will secure any request with [org.springframework.security.web.session.DisableEncodeUrlFilter@38394e76, org.springframework.security.web.context.request.async.WebAsyncManagerIntegrationFilter@37d3e740, org.springframework.security.web.context.SecurityContextPersistenceFilter@5a010eec, org.springframework.security.web.header.HeaderWriterFilter@76219fe, org.springframework.security.web.authentication.logout.LogoutFilter@3f78a5ed, org.springframework.security.web.authentication.UsernamePasswordAuthenticationFilter@32068aef, org.springframework.security.web.authentication.ui.DefaultLoginPageGeneratingFilter@633cad4d, org.springframework.security.web.authentication.ui.DefaultLogoutPageGeneratingFilter@5afba80c, org.springframework.security.web.savedrequest.RequestCacheAwareFilter@180e33b0, org.springframework.security.web.servletapi.SecurityContextHolderAwareRequestFilter@270be080, org.springframework.security.web.authentication.AnonymousAuthenticationFilter@c4ca86a, org.springframework.security.web.session.SessionManagementFilter@2fe2fcc2, org.springframework.security.web.access.ExceptionTranslationFilter@72406594, org.springframework.security.web.access.intercept.FilterSecurityInterceptor@613a608e]
2023-06-21 20:09:45,394 INFO org.springframework.boot.autoconfigure.web.servlet.WelcomePageHandlerMapping [main] Adding welcome page template: index
2023-06-21 20:09:45,925 INFO org.apache.juli.logging.DirectJDKLog [main] Starting ProtocolHandler ["http-nio-8080"]
2023-06-21 20:09:45,940 INFO org.springframework.boot.web.embedded.tomcat.TomcatWebServer [main] Tomcat started on port(s): 8080 (http) with context path ''
2023-06-21 20:09:45,948 INFO org.springframework.boot.StartupInfoLogger [main] Started Application in 4.069 seconds (JVM running for 4.377)
2023-06-21 20:09:50,507 INFO org.apache.juli.logging.DirectJDKLog [http-nio-8080-exec-1] Initializing Spring DispatcherServlet 'dispatcherServlet'
2023-06-21 20:09:50,508 INFO org.springframework.web.servlet.FrameworkServlet [http-nio-8080-exec-1] Initializing Servlet 'dispatcherServlet'
2023-06-21 20:09:50,510 INFO org.springframework.web.servlet.FrameworkServlet [http-nio-8080-exec-1] Completed initialization in 2 ms
2023-06-21 20:10:38,499 INFO org.springframework.orm.jpa.AbstractEntityManagerFactoryBean [SpringApplicationShutdownHook] Closing JPA EntityManagerFactory for persistence unit 'default'
2023-06-21 20:10:38,500 INFO com.zaxxer.hikari.HikariDataSource [SpringApplicationShutdownHook] HikariPool-1 - Shutdown initiated...
2023-06-21 20:10:38,505 INFO com.zaxxer.hikari.HikariDataSource [SpringApplicationShutdownHook] HikariPool-1 - Shutdown completed.
2023-06-21 20:10:42,120 INFO org.springframework.boot.StartupInfoLogger [main] Starting Application using Java 19.0.2 on DESKTOP-NM4S9PP with PID 14284 (C:\Users\agsvb\Desktop\searchEngine-pc\target\classes started by agsvb in C:\Users\agsvb\Desktop\searchEngine-pc)
2023-06-21 20:10:42,122 INFO org.springframework.boot.SpringApplication [main] No active profile set, falling back to 1 default profile: "default"
2023-06-21 20:10:42,700 INFO org.springframework.data.repository.config.RepositoryConfigurationDelegate [main] Bootstrapping Spring Data JPA repositories in DEFAULT mode.
2023-06-21 20:10:42,752 INFO org.springframework.data.repository.config.RepositoryConfigurationDelegate [main] Finished Spring Data repository scanning in 46 ms. Found 4 JPA repository interfaces.
2023-06-21 20:10:43,202 INFO org.springframework.boot.web.embedded.tomcat.TomcatWebServer [main] Tomcat initialized with port(s): 8080 (http)
2023-06-21 20:10:43,210 INFO org.apache.juli.logging.DirectJDKLog [main] Initializing ProtocolHandler ["http-nio-8080"]
2023-06-21 20:10:43,210 INFO org.apache.juli.logging.DirectJDKLog [main] Starting service [Tomcat]
2023-06-21 20:10:43,211 INFO org.apache.juli.logging.DirectJDKLog [main] Starting Servlet engine: [Apache Tomcat/9.0.65]
2023-06-21 20:10:43,343 INFO org.apache.juli.logging.DirectJDKLog [main] Initializing Spring embedded WebApplicationContext
2023-06-21 20:10:43,343 INFO org.springframework.boot.web.servlet.context.ServletWebServerApplicationContext [main] Root WebApplicationContext: initialization completed in 1177 ms
2023-06-21 20:10:43,502 INFO org.hibernate.jpa.internal.util.LogHelper [main] HHH000204: Processing PersistenceUnitInfo [name: default]
2023-06-21 20:10:43,537 INFO org.hibernate.Version [main] HHH000412: Hibernate ORM core version 5.6.11.Final
2023-06-21 20:10:43,687 INFO org.hibernate.annotations.common.reflection.java.JavaReflectionManager [main] HCANN000001: Hibernate Commons Annotations {5.1.2.Final}
2023-06-21 20:10:43,799 INFO com.zaxxer.hikari.HikariDataSource [main] HikariPool-1 - Starting...
2023-06-21 20:10:43,927 INFO com.zaxxer.hikari.HikariDataSource [main] HikariPool-1 - Start completed.
2023-06-21 20:10:43,938 INFO org.hibernate.dialect.Dialect [main] HHH000400: Using dialect: org.hibernate.dialect.MySQL8Dialect
2023-06-21 20:10:44,412 INFO org.hibernate.engine.transaction.jta.platform.internal.JtaPlatformInitiator [main] HHH000490: Using JtaPlatform implementation: [org.hibernate.engine.transaction.jta.platform.internal.NoJtaPlatform]
2023-06-21 20:10:44,417 INFO org.springframework.orm.jpa.AbstractEntityManagerFactoryBean [main] Initialized JPA EntityManagerFactory for persistence unit 'default'
2023-06-21 20:10:45,139 INFO org.springframework.security.web.DefaultSecurityFilterChain [main] Will secure any request with [org.springframework.security.web.session.DisableEncodeUrlFilter@38394e76, org.springframework.security.web.context.request.async.WebAsyncManagerIntegrationFilter@37d3e740, org.springframework.security.web.context.SecurityContextPersistenceFilter@5a010eec, org.springframework.security.web.header.HeaderWriterFilter@76219fe, org.springframework.security.web.authentication.logout.LogoutFilter@3f78a5ed, org.springframework.security.web.authentication.UsernamePasswordAuthenticationFilter@32068aef, org.springframework.security.web.authentication.ui.DefaultLoginPageGeneratingFilter@633cad4d, org.springframework.security.web.authentication.ui.DefaultLogoutPageGeneratingFilter@5afba80c, org.springframework.security.web.savedrequest.RequestCacheAwareFilter@180e33b0, org.springframework.security.web.servletapi.SecurityContextHolderAwareRequestFilter@270be080, org.springframework.security.web.authentication.AnonymousAuthenticationFilter@c4ca86a, org.springframework.security.web.session.SessionManagementFilter@2fe2fcc2, org.springframework.security.web.access.ExceptionTranslationFilter@72406594, org.springframework.security.web.access.intercept.FilterSecurityInterceptor@613a608e]
2023-06-21 20:10:45,341 INFO org.springframework.boot.autoconfigure.web.servlet.WelcomePageHandlerMapping [main] Adding welcome page template: index
2023-06-21 20:10:45,875 INFO org.apache.juli.logging.DirectJDKLog [main] Starting ProtocolHandler ["http-nio-8080"]
2023-06-21 20:10:45,890 INFO org.springframework.boot.web.embedded.tomcat.TomcatWebServer [main] Tomcat started on port(s): 8080 (http) with context path ''
2023-06-21 20:10:45,898 INFO org.springframework.boot.StartupInfoLogger [main] Started Application in 4.141 seconds (JVM running for 4.425)
2023-06-21 20:10:49,941 INFO org.apache.juli.logging.DirectJDKLog [http-nio-8080-exec-1] Initializing Spring DispatcherServlet 'dispatcherServlet'
2023-06-21 20:10:49,941 INFO org.springframework.web.servlet.FrameworkServlet [http-nio-8080-exec-1] Initializing Servlet 'dispatcherServlet'
2023-06-21 20:10:49,942 INFO org.springframework.web.servlet.FrameworkServlet [http-nio-8080-exec-1] Completed initialization in 0 ms
2023-06-21 20:11:22,486 INFO org.springframework.orm.jpa.AbstractEntityManagerFactoryBean [SpringApplicationShutdownHook] Closing JPA EntityManagerFactory for persistence unit 'default'
2023-06-21 20:11:22,487 INFO com.zaxxer.hikari.HikariDataSource [SpringApplicationShutdownHook] HikariPool-1 - Shutdown initiated...
2023-06-21 20:11:22,492 INFO com.zaxxer.hikari.HikariDataSource [SpringApplicationShutdownHook] HikariPool-1 - Shutdown completed.
2023-06-21 20:22:23,219 INFO org.springframework.boot.StartupInfoLogger [main] Starting Application using Java 19.0.2 on DESKTOP-NM4S9PP with PID 8588 (C:\Users\agsvb\Desktop\searchEngine-pc\target\classes started by agsvb in C:\Users\agsvb\Desktop\searchEngine-pc)
2023-06-21 20:22:23,221 INFO org.springframework.boot.SpringApplication [main] No active profile set, falling back to 1 default profile: "default"
2023-06-21 20:22:23,827 INFO org.springframework.data.repository.config.RepositoryConfigurationDelegate [main] Bootstrapping Spring Data JPA repositories in DEFAULT mode.
2023-06-21 20:22:23,881 INFO org.springframework.data.repository.config.RepositoryConfigurationDelegate [main] Finished Spring Data repository scanning in 48 ms. Found 4 JPA repository interfaces.
2023-06-21 20:22:24,351 INFO org.springframework.boot.web.embedded.tomcat.TomcatWebServer [main] Tomcat initialized with port(s): 8080 (http)
2023-06-21 20:22:24,361 INFO org.apache.juli.logging.DirectJDKLog [main] Initializing ProtocolHandler ["http-nio-8080"]
2023-06-21 20:22:24,361 INFO org.apache.juli.logging.DirectJDKLog [main] Starting service [Tomcat]
2023-06-21 20:22:24,361 INFO org.apache.juli.logging.DirectJDKLog [main] Starting Servlet engine: [Apache Tomcat/9.0.65]
2023-06-21 20:22:24,455 INFO org.apache.juli.logging.DirectJDKLog [main] Initializing Spring embedded WebApplicationContext
2023-06-21 20:22:24,455 INFO org.springframework.boot.web.servlet.context.ServletWebServerApplicationContext [main] Root WebApplicationContext: initialization completed in 1196 ms
2023-06-21 20:22:24,601 INFO org.hibernate.jpa.internal.util.LogHelper [main] HHH000204: Processing PersistenceUnitInfo [name: default]
2023-06-21 20:22:24,633 INFO org.hibernate.Version [main] HHH000412: Hibernate ORM core version 5.6.11.Final
2023-06-21 20:22:24,750 INFO org.hibernate.annotations.common.reflection.java.JavaReflectionManager [main] HCANN000001: Hibernate Commons Annotations {5.1.2.Final}
2023-06-21 20:22:24,824 INFO com.zaxxer.hikari.HikariDataSource [main] HikariPool-1 - Starting...
2023-06-21 20:22:24,921 INFO com.zaxxer.hikari.HikariDataSource [main] HikariPool-1 - Start completed.
2023-06-21 20:22:24,932 INFO org.hibernate.dialect.Dialect [main] HHH000400: Using dialect: org.hibernate.dialect.MySQL8Dialect
2023-06-21 20:22:25,434 INFO org.hibernate.engine.transaction.jta.platform.internal.JtaPlatformInitiator [main] HHH000490: Using JtaPlatform implementation: [org.hibernate.engine.transaction.jta.platform.internal.NoJtaPlatform]
2023-06-21 20:22:25,441 INFO org.springframework.orm.jpa.AbstractEntityManagerFactoryBean [main] Initialized JPA EntityManagerFactory for persistence unit 'default'
2023-06-21 20:22:26,228 INFO org.springframework.security.web.DefaultSecurityFilterChain [main] Will secure any request with [org.springframework.security.web.session.DisableEncodeUrlFilter@1a53ac0c, org.springframework.security.web.context.request.async.WebAsyncManagerIntegrationFilter@7fdf7359, org.springframework.security.web.context.SecurityContextPersistenceFilter@222eda8a, org.springframework.security.web.header.HeaderWriterFilter@347f8029, org.springframework.security.web.authentication.logout.LogoutFilter@5d373794, org.springframework.security.web.authentication.UsernamePasswordAuthenticationFilter@2059c3ff, org.springframework.security.web.authentication.ui.DefaultLoginPageGeneratingFilter@4880a9d, org.springframework.security.web.authentication.ui.DefaultLogoutPageGeneratingFilter@4a36a35d, org.springframework.security.web.savedrequest.RequestCacheAwareFilter@c414eb3, org.springframework.security.web.servletapi.SecurityContextHolderAwareRequestFilter@4edd8a0a, org.springframework.security.web.authentication.AnonymousAuthenticationFilter@52ba21e4, org.springframework.security.web.session.SessionManagementFilter@630e5010, org.springframework.security.web.access.ExceptionTranslationFilter@1ce8084a, org.springframework.security.web.access.intercept.FilterSecurityInterceptor@7d4e424e]
2023-06-21 20:22:26,467 INFO org.springframework.boot.autoconfigure.web.servlet.WelcomePageHandlerMapping [main] Adding welcome page template: index
2023-06-21 20:22:26,992 INFO org.apache.juli.logging.DirectJDKLog [main] Starting ProtocolHandler ["http-nio-8080"]
2023-06-21 20:22:27,007 INFO org.springframework.boot.web.embedded.tomcat.TomcatWebServer [main] Tomcat started on port(s): 8080 (http) with context path ''
2023-06-21 20:22:27,014 INFO org.springframework.boot.StartupInfoLogger [main] Started Application in 4.168 seconds (JVM running for 4.485)
2023-06-21 20:22:27,166 INFO org.apache.juli.logging.DirectJDKLog [http-nio-8080-exec-1] Initializing Spring DispatcherServlet 'dispatcherServlet'
2023-06-21 20:22:27,166 INFO org.springframework.web.servlet.FrameworkServlet [http-nio-8080-exec-1] Initializing Servlet 'dispatcherServlet'
2023-06-21 20:22:27,167 INFO org.springframework.web.servlet.FrameworkServlet [http-nio-8080-exec-1] Completed initialization in 1 ms
2023-06-21 20:22:44,561 INFO searchengine.services.impl.SearchServiceImpl [http-nio-8080-exec-8] Getting results of the search "программы"
2023-06-21 20:22:44,564 INFO searchengine.services.impl.SearchServiceImpl [http-nio-8080-exec-8] Search done. Got results.
2023-06-21 20:23:53,311 INFO org.springframework.orm.jpa.AbstractEntityManagerFactoryBean [SpringApplicationShutdownHook] Closing JPA EntityManagerFactory for persistence unit 'default'
2023-06-21 20:23:53,312 INFO com.zaxxer.hikari.HikariDataSource [SpringApplicationShutdownHook] HikariPool-1 - Shutdown initiated...
2023-06-21 20:23:53,316 INFO com.zaxxer.hikari.HikariDataSource [SpringApplicationShutdownHook] HikariPool-1 - Shutdown completed.
2023-06-21 20:23:56,273 INFO org.springframework.boot.StartupInfoLogger [main] Starting Application using Java 19.0.2 on DESKTOP-NM4S9PP with PID 17396 (C:\Users\agsvb\Desktop\searchEngine-pc\target\classes started by agsvb in C:\Users\agsvb\Desktop\searchEngine-pc)
2023-06-21 20:23:56,276 INFO org.springframework.boot.SpringApplication [main] No active profile set, falling back to 1 default profile: "default"
2023-06-21 20:23:56,873 INFO org.springframework.data.repository.config.RepositoryConfigurationDelegate [main] Bootstrapping Spring Data JPA repositories in DEFAULT mode.
2023-06-21 20:23:56,922 INFO org.springframework.data.repository.config.RepositoryConfigurationDelegate [main] Finished Spring Data repository scanning in 43 ms. Found 4 JPA repository interfaces.
2023-06-21 20:23:57,400 INFO org.springframework.boot.web.embedded.tomcat.TomcatWebServer [main] Tomcat initialized with port(s): 8080 (http)
2023-06-21 20:23:57,408 INFO org.apache.juli.logging.DirectJDKLog [main] Initializing ProtocolHandler ["http-nio-8080"]
2023-06-21 20:23:57,408 INFO org.apache.juli.logging.DirectJDKLog [main] Starting service [Tomcat]
2023-06-21 20:23:57,408 INFO org.apache.juli.logging.DirectJDKLog [main] Starting Servlet engine: [Apache Tomcat/9.0.65]
2023-06-21 20:23:57,509 INFO org.apache.juli.logging.DirectJDKLog [main] Initializing Spring embedded WebApplicationContext
2023-06-21 20:23:57,509 INFO org.springframework.boot.web.servlet.context.ServletWebServerApplicationContext [main] Root WebApplicationContext: initialization completed in 1184 ms
2023-06-21 20:23:57,657 INFO org.hibernate.jpa.internal.util.LogHelper [main] HHH000204: Processing PersistenceUnitInfo [name: default]
2023-06-21 20:23:57,692 INFO org.hibernate.Version [main] HHH000412: Hibernate ORM core version 5.6.11.Final
2023-06-21 20:23:57,816 INFO org.hibernate.annotations.common.reflection.java.JavaReflectionManager [main] HCANN000001: Hibernate Commons Annotations {5.1.2.Final}
2023-06-21 20:23:57,891 INFO com.zaxxer.hikari.HikariDataSource [main] HikariPool-1 - Starting...
2023-06-21 20:23:57,983 INFO com.zaxxer.hikari.HikariDataSource [main] HikariPool-1 - Start completed.
2023-06-21 20:23:57,993 INFO org.hibernate.dialect.Dialect [main] HHH000400: Using dialect: org.hibernate.dialect.MySQL8Dialect
2023-06-21 20:23:58,475 INFO org.hibernate.engine.transaction.jta.platform.internal.JtaPlatformInitiator [main] HHH000490: Using JtaPlatform implementation: [org.hibernate.engine.transaction.jta.platform.internal.NoJtaPlatform]
2023-06-21 20:23:58,481 INFO org.springframework.orm.jpa.AbstractEntityManagerFactoryBean [main] Initialized JPA EntityManagerFactory for persistence unit 'default'
2023-06-21 20:23:59,194 INFO org.springframework.security.web.DefaultSecurityFilterChain [main] Will secure any request with [org.springframework.security.web.session.DisableEncodeUrlFilter@245b0bd7, org.springframework.security.web.context.request.async.WebAsyncManagerIntegrationFilter@3bf41cd0, org.springframework.security.web.context.SecurityContextPersistenceFilter@4423692a, org.springframework.security.web.header.HeaderWriterFilter@558575fe, org.springframework.security.web.authentication.logout.LogoutFilter@4c0ab04f, org.springframework.security.web.authentication.UsernamePasswordAuthenticationFilter@66851aa5, org.springframework.security.web.authentication.ui.DefaultLoginPageGeneratingFilter@76219fe, org.springframework.security.web.authentication.ui.DefaultLogoutPageGeneratingFilter@2748bd6c, org.springframework.security.web.savedrequest.RequestCacheAwareFilter@29ae2517, org.springframework.security.web.servletapi.SecurityContextHolderAwareRequestFilter@7a78d2aa, org.springframework.security.web.authentication.AnonymousAuthenticationFilter@64a4739, org.springframework.security.web.session.SessionManagementFilter@180fb796, org.springframework.security.web.access.ExceptionTranslationFilter@3fc051ce, org.springframework.security.web.access.intercept.FilterSecurityInterceptor@23119bc3]
2023-06-21 20:23:59,406 INFO org.springframework.boot.autoconfigure.web.servlet.WelcomePageHandlerMapping [main] Adding welcome page template: index
2023-06-21 20:23:59,938 INFO org.apache.juli.logging.DirectJDKLog [main] Starting ProtocolHandler ["http-nio-8080"]
2023-06-21 20:23:59,954 INFO org.springframework.boot.web.embedded.tomcat.TomcatWebServer [main] Tomcat started on port(s): 8080 (http) with context path ''
2023-06-21 20:23:59,963 INFO org.springframework.boot.StartupInfoLogger [main] Started Application in 4.085 seconds (JVM running for 4.375)
2023-06-21 20:24:00,117 INFO org.apache.juli.logging.DirectJDKLog [http-nio-8080-exec-1] Initializing Spring DispatcherServlet 'dispatcherServlet'
2023-06-21 20:24:00,118 INFO org.springframework.web.servlet.FrameworkServlet [http-nio-8080-exec-1] Initializing Servlet 'dispatcherServlet'
2023-06-21 20:24:00,119 INFO org.springframework.web.servlet.FrameworkServlet [http-nio-8080-exec-1] Completed initialization in 1 ms
2023-06-21 20:24:09,466 INFO searchengine.services.impl.IndexingServiceImpl [http-nio-8080-exec-10] Parsing site: PlayBack.Ru
2023-06-21 20:24:09,467 INFO searchengine.services.impl.IndexingServiceImpl [http-nio-8080-exec-10] Parsing site: radiomv.ru
2023-06-21 20:24:09,487 INFO searchengine.parsers.SiteIndexed [pool-1-thread-1] Indexing - http://www.playback.ru PlayBack.Ru
2023-06-21 20:24:09,487 INFO searchengine.parsers.SiteIndexed [pool-1-thread-2] Indexing - http://radiomv.ru radiomv.ru
2023-06-21 20:24:20,049 INFO searchengine.services.impl.IndexingServiceImpl [http-nio-8080-exec-8] Indexing was stopped
2023-06-21 20:24:25,200 INFO searchengine.parsers.SiteIndexed [pool-1-thread-1] Done indexing - http://www.playback.ru
2023-06-21 20:26:55,490 ERROR searchengine.parsers.SiteIndexed [pool-1-thread-2] Indexing stopped - http://radiomv.ru
2023-06-21 20:27:04,201 INFO org.springframework.orm.jpa.AbstractEntityManagerFactoryBean [SpringApplicationShutdownHook] Closing JPA EntityManagerFactory for persistence unit 'default'
2023-06-21 20:27:04,202 INFO com.zaxxer.hikari.HikariDataSource [SpringApplicationShutdownHook] HikariPool-1 - Shutdown initiated...
2023-06-21 20:27:04,206 INFO com.zaxxer.hikari.HikariDataSource [SpringApplicationShutdownHook] HikariPool-1 - Shutdown completed.
